<?xml version="1.0" encoding="UTF-8"?><testsuite name="nosetests" tests="10" errors="0" failures="0" skip="0"><testcase classname="test" name="test_loading" time="0.098"></testcase><testcase classname="test" name="test_signature" time="0.106"></testcase><testcase classname="test" name="test_slice" time="0.113"></testcase><testcase classname="test" name="test_hssa_init" time="0.104"></testcase><testcase classname="test" name="test_hssa_frame_signature" time="0.104"><system-out><![CDATA[F0|L0|S-1|L12|H0.962
]]></system-out></testcase><testcase classname="test" name="test_hssa_homogeneity_measure" time="0.111"></testcase><testcase classname="test" name="test_is_dividing_working" time="0.434"></testcase><testcase classname="test" name="test_dumb_hssa" time="0.441"></testcase><testcase classname="test" name="test_limit_hssa" time="0.327"></testcase><testcase classname="test" name="test_hssa_final" time="3.149"><system-out><![CDATA[960
]]></system-out></testcase></testsuite>